<?xml version="1.0" encoding="UTF-8"?>
<!-- Generated by org.testng.reporters.JUnitReportReporter -->
<testsuite hostname="Gopika" failures="0" tests="4" name="runners.TodoRunner" time="30.253" errors="0" timestamp="2025-07-24T19:50:52 CEST" skipped="0">
  <testcase classname="runners.TodoRunner" name="runScenario" time="9.538"/>
  <testcase classname="runners.TodoRunner" name="runScenario" time="7.531"/>
  <testcase classname="runners.TodoRunner" name="runScenario" time="5.062"/>
  <testcase classname="runners.TodoRunner" name="runScenario" time="8.122"/>
</testsuite> <!-- runners.TodoRunner -->
