<?xml version="1.0" encoding="UTF-8"?>
<!-- Generated by org.testng.reporters.JUnitReportReporter -->
<testsuite hostname="Gopika" failures="0" tests="4" name="runners.TodoRunner" time="30.195" errors="0" timestamp="2025-07-25T10:18:01 CEST" skipped="0">
  <testcase classname="runners.TodoRunner" name="runScenario" time="4.341"/>
  <testcase classname="runners.TodoRunner" name="runScenario" time="7.654"/>
  <testcase classname="runners.TodoRunner" name="runScenario" time="7.301"/>
  <testcase classname="runners.TodoRunner" name="runScenario" time="10.899"/>
</testsuite> <!-- runners.TodoRunner -->
